The system is: Linux - 3.16.0-4-amd64 - x86_64
Compiling the C compiler identification source file "CMakeCCompilerId.c" succeeded.
Compiler: /usr/bin/cc 
Build flags: 
Id flags: 

The output was:
0


Compilation of the C compiler identification source "CMakeCCompilerId.c" produced "a.out"

The C compiler identification is GNU, found in "/home/grv/Experimental/MITIE/mitielib/java/CMakeFiles/3.0.2/CompilerIdC/a.out"

Compiling the CXX compiler identification source file "CMakeCXXCompilerId.cpp" succeeded.
Compiler: /usr/bin/c++ 
Build flags: 
Id flags: 

The output was:
0


Compilation of the CXX compiler identification source "CMakeCXXCompilerId.cpp" produced "a.out"

The CXX compiler identification is GNU, found in "/home/grv/Experimental/MITIE/mitielib/java/CMakeFiles/3.0.2/CompilerIdCXX/a.out"

Determining if the C compiler works passed with the following output:
Change Dir: /home/grv/Experimental/MITIE/mitielib/java/CMakeFiles/CMakeTmp

Run Build Command:"/usr/bin/make" "cmTryCompileExec2551544558/fast"
/usr/bin/make -f CMakeFiles/cmTryCompileExec2551544558.dir/build.make CMakeFiles/cmTryCompileExec2551544558.dir/build
make[1]: Entering directory '/home/grv/Experimental/MITIE/mitielib/java/CMakeFiles/CMakeTmp'
/usr/bin/cmake -E cmake_progress_report /home/grv/Experimental/MITIE/mitielib/java/CMakeFiles/CMakeTmp/CMakeFiles 1
Building C object CMakeFiles/cmTryCompileExec2551544558.dir/testCCompiler.c.o
/usr/bin/cc    -o CMakeFiles/cmTryCompileExec2551544558.dir/testCCompiler.c.o   -c /home/grv/Experimental/MITIE/mitielib/java/CMakeFiles/CMakeTmp/testCCompiler.c
Linking C executable cmTryCompileExec2551544558
/usr/bin/cmake -E cmake_link_script CMakeFiles/cmTryCompileExec2551544558.dir/link.txt --verbose=1
/usr/bin/cc       CMakeFiles/cmTryCompileExec2551544558.dir/testCCompiler.c.o  -o cmTryCompileExec2551544558 -rdynamic 
make[1]: Leaving directory '/home/grv/Experimental/MITIE/mitielib/java/CMakeFiles/CMakeTmp'


Detecting C compiler ABI info compiled with the following output:
Change Dir: /home/grv/Experimental/MITIE/mitielib/java/CMakeFiles/CMakeTmp

Run Build Command:"/usr/bin/make" "cmTryCompileExec3662260889/fast"
/usr/bin/make -f CMakeFiles/cmTryCompileExec3662260889.dir/build.make CMakeFiles/cmTryCompileExec3662260889.dir/build
make[1]: Entering directory '/home/grv/Experimental/MITIE/mitielib/java/CMakeFiles/CMakeTmp'
/usr/bin/cmake -E cmake_progress_report /home/grv/Experimental/MITIE/mitielib/java/CMakeFiles/CMakeTmp/CMakeFiles 1
Building C object CMakeFiles/cmTryCompileExec3662260889.dir/CMakeCCompilerABI.c.o
/usr/bin/cc    -o CMakeFiles/cmTryCompileExec3662260889.dir/CMakeCCompilerABI.c.o   -c /usr/share/cmake-3.0/Modules/CMakeCCompilerABI.c
Linking C executable cmTryCompileExec3662260889
/usr/bin/cmake -E cmake_link_script CMakeFiles/cmTryCompileExec3662260889.dir/link.txt --verbose=1
/usr/bin/cc     -v CMakeFiles/cmTryCompileExec3662260889.dir/CMakeCCompilerABI.c.o  -o cmTryCompileExec3662260889 -rdynamic  
Using built-in specs.
COLLECT_GCC=/usr/bin/cc
COLLECT_LTO_WRAPPER=/usr/lib/gcc/x86_64-linux-gnu/4.9/lto-wrapper
Target: x86_64-linux-gnu
Configured with: ../src/configure -v --with-pkgversion='Debian 4.9.2-10' --with-bugurl=file:///usr/share/doc/gcc-4.9/README.Bugs --enable-languages=c,c++,java,go,d,fortran,objc,obj-c++ --prefix=/usr --program-suffix=-4.9 --enable-shared --enable-linker-build-id --libexecdir=/usr/lib --without-included-gettext --enable-threads=posix --with-gxx-include-dir=/usr/include/c++/4.9 --libdir=/usr/lib --enable-nls --with-sysroot=/ --enable-clocale=gnu --enable-libstdcxx-debug --enable-libstdcxx-time=yes --enable-gnu-unique-object --disable-vtable-verify --enable-plugin --with-system-zlib --disable-browser-plugin --enable-java-awt=gtk --enable-gtk-cairo --with-java-home=/usr/lib/jvm/java-1.5.0-gcj-4.9-amd64/jre --enable-java-home --with-jvm-root-dir=/usr/lib/jvm/java-1.5.0-gcj-4.9-amd64 --with-jvm-jar-dir=/usr/lib/jvm-exports/java-1.5.0-gcj-4.9-amd64 --with-arch-directory=amd64 --with-ecj-jar=/usr/share/java/eclipse-ecj.jar --enable-objc-gc --enable-multiarch --with-arch-32=i586 --with-abi=m64 --with-multilib-list=m32,m64,mx32 --enable-multilib --with-tune=generic --enable-checking=release --build=x86_64-linux-gnu --host=x86_64-linux-gnu --target=x86_64-linux-gnu
Thread model: posix
gcc version 4.9.2 (Debian 4.9.2-10) 
COMPILER_PATH=/usr/lib/gcc/x86_64-linux-gnu/4.9/:/usr/lib/gcc/x86_64-linux-gnu/4.9/:/usr/lib/gcc/x86_64-linux-gnu/:/usr/lib/gcc/x86_64-linux-gnu/4.9/:/usr/lib/gcc/x86_64-linux-gnu/
LIBRARY_PATH=/usr/lib/gcc/x86_64-linux-gnu/4.9/:/usr/lib/gcc/x86_64-linux-gnu/4.9/../../../x86_64-linux-gnu/:/usr/lib/gcc/x86_64-linux-gnu/4.9/../../../../lib/:/lib/x86_64-linux-gnu/:/lib/../lib/:/usr/lib/x86_64-linux-gnu/:/usr/lib/../lib/:/usr/lib/gcc/x86_64-linux-gnu/4.9/../../../:/lib/:/usr/lib/
COLLECT_GCC_OPTIONS='-v' '-o' 'cmTryCompileExec3662260889' '-rdynamic' '-mtune=generic' '-march=x86-64'
 /usr/lib/gcc/x86_64-linux-gnu/4.9/collect2 -plugin /usr/lib/gcc/x86_64-linux-gnu/4.9/liblto_plugin.so -plugin-opt=/usr/lib/gcc/x86_64-linux-gnu/4.9/lto-wrapper -plugin-opt=-fresolution=/tmp/ccruZLMz.res -plugin-opt=-pass-through=-lgcc -plugin-opt=-pass-through=-lgcc_s -plugin-opt=-pass-through=-lc -plugin-opt=-pass-through=-lgcc -plugin-opt=-pass-through=-lgcc_s --sysroot=/ --build-id --eh-frame-hdr -m elf_x86_64 --hash-style=gnu -export-dynamic -dynamic-linker /lib64/ld-linux-x86-64.so.2 -o cmTryCompileExec3662260889 /usr/lib/gcc/x86_64-linux-gnu/4.9/../../../x86_64-linux-gnu/crt1.o /usr/lib/gcc/x86_64-linux-gnu/4.9/../../../x86_64-linux-gnu/crti.o /usr/lib/gcc/x86_64-linux-gnu/4.9/crtbegin.o -L/usr/lib/gcc/x86_64-linux-gnu/4.9 -L/usr/lib/gcc/x86_64-linux-gnu/4.9/../../../x86_64-linux-gnu -L/usr/lib/gcc/x86_64-linux-gnu/4.9/../../../../lib -L/lib/x86_64-linux-gnu -L/lib/../lib -L/usr/lib/x86_64-linux-gnu -L/usr/lib/../lib -L/usr/lib/gcc/x86_64-linux-gnu/4.9/../../.. CMakeFiles/cmTryCompileExec3662260889.dir/CMakeCCompilerABI.c.o -lgcc --as-needed -lgcc_s --no-as-needed -lc -lgcc --as-needed -lgcc_s --no-as-needed /usr/lib/gcc/x86_64-linux-gnu/4.9/crtend.o /usr/lib/gcc/x86_64-linux-gnu/4.9/../../../x86_64-linux-gnu/crtn.o
make[1]: Leaving directory '/home/grv/Experimental/MITIE/mitielib/java/CMakeFiles/CMakeTmp'


Parsed C implicit link information from above output:
  link line regex: [^( *|.*[/\])(ld|([^/\]+-)?ld|collect2)[^/\]*( |$)]
  ignore line: [Change Dir: /home/grv/Experimental/MITIE/mitielib/java/CMakeFiles/CMakeTmp]
  ignore line: []
  ignore line: [Run Build Command:"/usr/bin/make" "cmTryCompileExec3662260889/fast"]
  ignore line: [/usr/bin/make -f CMakeFiles/cmTryCompileExec3662260889.dir/build.make CMakeFiles/cmTryCompileExec3662260889.dir/build]
  ignore line: [make[1]: Entering directory '/home/grv/Experimental/MITIE/mitielib/java/CMakeFiles/CMakeTmp']
  ignore line: [/usr/bin/cmake -E cmake_progress_report /home/grv/Experimental/MITIE/mitielib/java/CMakeFiles/CMakeTmp/CMakeFiles 1]
  ignore line: [Building C object CMakeFiles/cmTryCompileExec3662260889.dir/CMakeCCompilerABI.c.o]
  ignore line: [/usr/bin/cc    -o CMakeFiles/cmTryCompileExec3662260889.dir/CMakeCCompilerABI.c.o   -c /usr/share/cmake-3.0/Modules/CMakeCCompilerABI.c]
  ignore line: [Linking C executable cmTryCompileExec3662260889]
  ignore line: [/usr/bin/cmake -E cmake_link_script CMakeFiles/cmTryCompileExec3662260889.dir/link.txt --verbose=1]
  ignore line: [/usr/bin/cc     -v CMakeFiles/cmTryCompileExec3662260889.dir/CMakeCCompilerABI.c.o  -o cmTryCompileExec3662260889 -rdynamic  ]
  ignore line: [Using built-in specs.]
  ignore line: [COLLECT_GCC=/usr/bin/cc]
  ignore line: [COLLECT_LTO_WRAPPER=/usr/lib/gcc/x86_64-linux-gnu/4.9/lto-wrapper]
  ignore line: [Target: x86_64-linux-gnu]
  ignore line: [Configured with: ../src/configure -v --with-pkgversion='Debian 4.9.2-10' --with-bugurl=file:///usr/share/doc/gcc-4.9/README.Bugs --enable-languages=c,c++,java,go,d,fortran,objc,obj-c++ --prefix=/usr --program-suffix=-4.9 --enable-shared --enable-linker-build-id --libexecdir=/usr/lib --without-included-gettext --enable-threads=posix --with-gxx-include-dir=/usr/include/c++/4.9 --libdir=/usr/lib --enable-nls --with-sysroot=/ --enable-clocale=gnu --enable-libstdcxx-debug --enable-libstdcxx-time=yes --enable-gnu-unique-object --disable-vtable-verify --enable-plugin --with-system-zlib --disable-browser-plugin --enable-java-awt=gtk --enable-gtk-cairo --with-java-home=/usr/lib/jvm/java-1.5.0-gcj-4.9-amd64/jre --enable-java-home --with-jvm-root-dir=/usr/lib/jvm/java-1.5.0-gcj-4.9-amd64 --with-jvm-jar-dir=/usr/lib/jvm-exports/java-1.5.0-gcj-4.9-amd64 --with-arch-directory=amd64 --with-ecj-jar=/usr/share/java/eclipse-ecj.jar --enable-objc-gc --enable-multiarch --with-arch-32=i586 --with-abi=m64 --with-multilib-list=m32,m64,mx32 --enable-multilib --with-tune=generic --enable-checking=release --build=x86_64-linux-gnu --host=x86_64-linux-gnu --target=x86_64-linux-gnu]
  ignore line: [Thread model: posix]
  ignore line: [gcc version 4.9.2 (Debian 4.9.2-10) ]
  ignore line: [COMPILER_PATH=/usr/lib/gcc/x86_64-linux-gnu/4.9/:/usr/lib/gcc/x86_64-linux-gnu/4.9/:/usr/lib/gcc/x86_64-linux-gnu/:/usr/lib/gcc/x86_64-linux-gnu/4.9/:/usr/lib/gcc/x86_64-linux-gnu/]
  ignore line: [LIBRARY_PATH=/usr/lib/gcc/x86_64-linux-gnu/4.9/:/usr/lib/gcc/x86_64-linux-gnu/4.9/../../../x86_64-linux-gnu/:/usr/lib/gcc/x86_64-linux-gnu/4.9/../../../../lib/:/lib/x86_64-linux-gnu/:/lib/../lib/:/usr/lib/x86_64-linux-gnu/:/usr/lib/../lib/:/usr/lib/gcc/x86_64-linux-gnu/4.9/../../../:/lib/:/usr/lib/]
  ignore line: [COLLECT_GCC_OPTIONS='-v' '-o' 'cmTryCompileExec3662260889' '-rdynamic' '-mtune=generic' '-march=x86-64']
  link line: [ /usr/lib/gcc/x86_64-linux-gnu/4.9/collect2 -plugin /usr/lib/gcc/x86_64-linux-gnu/4.9/liblto_plugin.so -plugin-opt=/usr/lib/gcc/x86_64-linux-gnu/4.9/lto-wrapper -plugin-opt=-fresolution=/tmp/ccruZLMz.res -plugin-opt=-pass-through=-lgcc -plugin-opt=-pass-through=-lgcc_s -plugin-opt=-pass-through=-lc -plugin-opt=-pass-through=-lgcc -plugin-opt=-pass-through=-lgcc_s --sysroot=/ --build-id --eh-frame-hdr -m elf_x86_64 --hash-style=gnu -export-dynamic -dynamic-linker /lib64/ld-linux-x86-64.so.2 -o cmTryCompileExec3662260889 /usr/lib/gcc/x86_64-linux-gnu/4.9/../../../x86_64-linux-gnu/crt1.o /usr/lib/gcc/x86_64-linux-gnu/4.9/../../../x86_64-linux-gnu/crti.o /usr/lib/gcc/x86_64-linux-gnu/4.9/crtbegin.o -L/usr/lib/gcc/x86_64-linux-gnu/4.9 -L/usr/lib/gcc/x86_64-linux-gnu/4.9/../../../x86_64-linux-gnu -L/usr/lib/gcc/x86_64-linux-gnu/4.9/../../../../lib -L/lib/x86_64-linux-gnu -L/lib/../lib -L/usr/lib/x86_64-linux-gnu -L/usr/lib/../lib -L/usr/lib/gcc/x86_64-linux-gnu/4.9/../../.. CMakeFiles/cmTryCompileExec3662260889.dir/CMakeCCompilerABI.c.o -lgcc --as-needed -lgcc_s --no-as-needed -lc -lgcc --as-needed -lgcc_s --no-as-needed /usr/lib/gcc/x86_64-linux-gnu/4.9/crtend.o /usr/lib/gcc/x86_64-linux-gnu/4.9/../../../x86_64-linux-gnu/crtn.o]
    arg [/usr/lib/gcc/x86_64-linux-gnu/4.9/collect2] ==> ignore
    arg [-plugin] ==> ignore
    arg [/usr/lib/gcc/x86_64-linux-gnu/4.9/liblto_plugin.so] ==> ignore
    arg [-plugin-opt=/usr/lib/gcc/x86_64-linux-gnu/4.9/lto-wrapper] ==> ignore
    arg [-plugin-opt=-fresolution=/tmp/ccruZLMz.res] ==> ignore
    arg [-plugin-opt=-pass-through=-lgcc] ==> ignore
    arg [-plugin-opt=-pass-through=-lgcc_s] ==> ignore
    arg [-plugin-opt=-pass-through=-lc] ==> ignore
    arg [-plugin-opt=-pass-through=-lgcc] ==> ignore
    arg [-plugin-opt=-pass-through=-lgcc_s] ==> ignore
    arg [--sysroot=/] ==> ignore
    arg [--build-id] ==> ignore
    arg [--eh-frame-hdr] ==> ignore
    arg [-m] ==> ignore
    arg [elf_x86_64] ==> ignore
    arg [--hash-style=gnu] ==> ignore
    arg [-export-dynamic] ==> ignore
    arg [-dynamic-linker] ==> ignore
    arg [/lib64/ld-linux-x86-64.so.2] ==> ignore
    arg [-o] ==> ignore
    arg [cmTryCompileExec3662260889] ==> ignore
    arg [/usr/lib/gcc/x86_64-linux-gnu/4.9/../../../x86_64-linux-gnu/crt1.o] ==> ignore
    arg [/usr/lib/gcc/x86_64-linux-gnu/4.9/../../../x86_64-linux-gnu/crti.o] ==> ignore
    arg [/usr/lib/gcc/x86_64-linux-gnu/4.9/crtbegin.o] ==> ignore
    arg [-L/usr/lib/gcc/x86_64-linux-gnu/4.9] ==> dir [/usr/lib/gcc/x86_64-linux-gnu/4.9]
    arg [-L/usr/lib/gcc/x86_64-linux-gnu/4.9/../../../x86_64-linux-gnu] ==> dir [/usr/lib/gcc/x86_64-linux-gnu/4.9/../../../x86_64-linux-gnu]
    arg [-L/usr/lib/gcc/x86_64-linux-gnu/4.9/../../../../lib] ==> dir [/usr/lib/gcc/x86_64-linux-gnu/4.9/../../../../lib]
    arg [-L/lib/x86_64-linux-gnu] ==> dir [/lib/x86_64-linux-gnu]
    arg [-L/lib/../lib] ==> dir [/lib/../lib]
    arg [-L/usr/lib/x86_64-linux-gnu] ==> dir [/usr/lib/x86_64-linux-gnu]
    arg [-L/usr/lib/../lib] ==> dir [/usr/lib/../lib]
    arg [-L/usr/lib/gcc/x86_64-linux-gnu/4.9/../../..] ==> dir [/usr/lib/gcc/x86_64-linux-gnu/4.9/../../..]
    arg [CMakeFiles/cmTryCompileExec3662260889.dir/CMakeCCompilerABI.c.o] ==> ignore
    arg [-lgcc] ==> lib [gcc]
    arg [--as-needed] ==> ignore
    arg [-lgcc_s] ==> lib [gcc_s]
    arg [--no-as-needed] ==> ignore
    arg [-lc] ==> lib [c]
    arg [-lgcc] ==> lib [gcc]
    arg [--as-needed] ==> ignore
    arg [-lgcc_s] ==> lib [gcc_s]
    arg [--no-as-needed] ==> ignore
    arg [/usr/lib/gcc/x86_64-linux-gnu/4.9/crtend.o] ==> ignore
    arg [/usr/lib/gcc/x86_64-linux-gnu/4.9/../../../x86_64-linux-gnu/crtn.o] ==> ignore
  remove lib [gcc]
  remove lib [gcc_s]
  remove lib [gcc]
  remove lib [gcc_s]
  collapse library dir [/usr/lib/gcc/x86_64-linux-gnu/4.9] ==> [/usr/lib/gcc/x86_64-linux-gnu/4.9]
  collapse library dir [/usr/lib/gcc/x86_64-linux-gnu/4.9/../../../x86_64-linux-gnu] ==> [/usr/lib/x86_64-linux-gnu]
  collapse library dir [/usr/lib/gcc/x86_64-linux-gnu/4.9/../../../../lib] ==> [/usr/lib]
  collapse library dir [/lib/x86_64-linux-gnu] ==> [/lib/x86_64-linux-gnu]
  collapse library dir [/lib/../lib] ==> [/lib]
  collapse library dir [/usr/lib/x86_64-linux-gnu] ==> [/usr/lib/x86_64-linux-gnu]
  collapse library dir [/usr/lib/../lib] ==> [/usr/lib]
  collapse library dir [/usr/lib/gcc/x86_64-linux-gnu/4.9/../../..] ==> [/usr/lib]
  implicit libs: [c]
  implicit dirs: [/usr/lib/gcc/x86_64-linux-gnu/4.9;/usr/lib/x86_64-linux-gnu;/usr/lib;/lib/x86_64-linux-gnu;/lib]
  implicit fwks: []


Determining if the CXX compiler works passed with the following output:
Change Dir: /home/grv/Experimental/MITIE/mitielib/java/CMakeFiles/CMakeTmp

Run Build Command:"/usr/bin/make" "cmTryCompileExec1395153625/fast"
/usr/bin/make -f CMakeFiles/cmTryCompileExec1395153625.dir/build.make CMakeFiles/cmTryCompileExec1395153625.dir/build
make[1]: Entering directory '/home/grv/Experimental/MITIE/mitielib/java/CMakeFiles/CMakeTmp'
/usr/bin/cmake -E cmake_progress_report /home/grv/Experimental/MITIE/mitielib/java/CMakeFiles/CMakeTmp/CMakeFiles 1
Building CXX object CMakeFiles/cmTryCompileExec1395153625.dir/testCXXCompiler.cxx.o
/usr/bin/c++     -o CMakeFiles/cmTryCompileExec1395153625.dir/testCXXCompiler.cxx.o -c /home/grv/Experimental/MITIE/mitielib/java/CMakeFiles/CMakeTmp/testCXXCompiler.cxx
Linking CXX executable cmTryCompileExec1395153625
/usr/bin/cmake -E cmake_link_script CMakeFiles/cmTryCompileExec1395153625.dir/link.txt --verbose=1
/usr/bin/c++        CMakeFiles/cmTryCompileExec1395153625.dir/testCXXCompiler.cxx.o  -o cmTryCompileExec1395153625 -rdynamic 
make[1]: Leaving directory '/home/grv/Experimental/MITIE/mitielib/java/CMakeFiles/CMakeTmp'


Detecting CXX compiler ABI info compiled with the following output:
Change Dir: /home/grv/Experimental/MITIE/mitielib/java/CMakeFiles/CMakeTmp

Run Build Command:"/usr/bin/make" "cmTryCompileExec3882735071/fast"
/usr/bin/make -f CMakeFiles/cmTryCompileExec3882735071.dir/build.make CMakeFiles/cmTryCompileExec3882735071.dir/build
make[1]: Entering directory '/home/grv/Experimental/MITIE/mitielib/java/CMakeFiles/CMakeTmp'
/usr/bin/cmake -E cmake_progress_report /home/grv/Experimental/MITIE/mitielib/java/CMakeFiles/CMakeTmp/CMakeFiles 1
Building CXX object CMakeFiles/cmTryCompileExec3882735071.dir/CMakeCXXCompilerABI.cpp.o
/usr/bin/c++     -o CMakeFiles/cmTryCompileExec3882735071.dir/CMakeCXXCompilerABI.cpp.o -c /usr/share/cmake-3.0/Modules/CMakeCXXCompilerABI.cpp
Linking CXX executable cmTryCompileExec3882735071
/usr/bin/cmake -E cmake_link_script CMakeFiles/cmTryCompileExec3882735071.dir/link.txt --verbose=1
/usr/bin/c++      -v CMakeFiles/cmTryCompileExec3882735071.dir/CMakeCXXCompilerABI.cpp.o  -o cmTryCompileExec3882735071 -rdynamic  
Using built-in specs.
COLLECT_GCC=/usr/bin/c++
COLLECT_LTO_WRAPPER=/usr/lib/gcc/x86_64-linux-gnu/4.9/lto-wrapper
Target: x86_64-linux-gnu
Configured with: ../src/configure -v --with-pkgversion='Debian 4.9.2-10' --with-bugurl=file:///usr/share/doc/gcc-4.9/README.Bugs --enable-languages=c,c++,java,go,d,fortran,objc,obj-c++ --prefix=/usr --program-suffix=-4.9 --enable-shared --enable-linker-build-id --libexecdir=/usr/lib --without-included-gettext --enable-threads=posix --with-gxx-include-dir=/usr/include/c++/4.9 --libdir=/usr/lib --enable-nls --with-sysroot=/ --enable-clocale=gnu --enable-libstdcxx-debug --enable-libstdcxx-time=yes --enable-gnu-unique-object --disable-vtable-verify --enable-plugin --with-system-zlib --disable-browser-plugin --enable-java-awt=gtk --enable-gtk-cairo --with-java-home=/usr/lib/jvm/java-1.5.0-gcj-4.9-amd64/jre --enable-java-home --with-jvm-root-dir=/usr/lib/jvm/java-1.5.0-gcj-4.9-amd64 --with-jvm-jar-dir=/usr/lib/jvm-exports/java-1.5.0-gcj-4.9-amd64 --with-arch-directory=amd64 --with-ecj-jar=/usr/share/java/eclipse-ecj.jar --enable-objc-gc --enable-multiarch --with-arch-32=i586 --with-abi=m64 --with-multilib-list=m32,m64,mx32 --enable-multilib --with-tune=generic --enable-checking=release --build=x86_64-linux-gnu --host=x86_64-linux-gnu --target=x86_64-linux-gnu
Thread model: posix
gcc version 4.9.2 (Debian 4.9.2-10) 
COMPILER_PATH=/usr/lib/gcc/x86_64-linux-gnu/4.9/:/usr/lib/gcc/x86_64-linux-gnu/4.9/:/usr/lib/gcc/x86_64-linux-gnu/:/usr/lib/gcc/x86_64-linux-gnu/4.9/:/usr/lib/gcc/x86_64-linux-gnu/
LIBRARY_PATH=/usr/lib/gcc/x86_64-linux-gnu/4.9/:/usr/lib/gcc/x86_64-linux-gnu/4.9/../../../x86_64-linux-gnu/:/usr/lib/gcc/x86_64-linux-gnu/4.9/../../../../lib/:/lib/x86_64-linux-gnu/:/lib/../lib/:/usr/lib/x86_64-linux-gnu/:/usr/lib/../lib/:/usr/lib/gcc/x86_64-linux-gnu/4.9/../../../:/lib/:/usr/lib/
COLLECT_GCC_OPTIONS='-v' '-o' 'cmTryCompileExec3882735071' '-rdynamic' '-shared-libgcc' '-mtune=generic' '-march=x86-64'
 /usr/lib/gcc/x86_64-linux-gnu/4.9/collect2 -plugin /usr/lib/gcc/x86_64-linux-gnu/4.9/liblto_plugin.so -plugin-opt=/usr/lib/gcc/x86_64-linux-gnu/4.9/lto-wrapper -plugin-opt=-fresolution=/tmp/ccT6jHhH.res -plugin-opt=-pass-through=-lgcc_s -plugin-opt=-pass-through=-lgcc -plugin-opt=-pass-through=-lc -plugin-opt=-pass-through=-lgcc_s -plugin-opt=-pass-through=-lgcc --sysroot=/ --build-id --eh-frame-hdr -m elf_x86_64 --hash-style=gnu -export-dynamic -dynamic-linker /lib64/ld-linux-x86-64.so.2 -o cmTryCompileExec3882735071 /usr/lib/gcc/x86_64-linux-gnu/4.9/../../../x86_64-linux-gnu/crt1.o /usr/lib/gcc/x86_64-linux-gnu/4.9/../../../x86_64-linux-gnu/crti.o /usr/lib/gcc/x86_64-linux-gnu/4.9/crtbegin.o -L/usr/lib/gcc/x86_64-linux-gnu/4.9 -L/usr/lib/gcc/x86_64-linux-gnu/4.9/../../../x86_64-linux-gnu -L/usr/lib/gcc/x86_64-linux-gnu/4.9/../../../../lib -L/lib/x86_64-linux-gnu -L/lib/../lib -L/usr/lib/x86_64-linux-gnu -L/usr/lib/../lib -L/usr/lib/gcc/x86_64-linux-gnu/4.9/../../.. CMakeFiles/cmTryCompileExec3882735071.dir/CMakeCXXCompilerABI.cpp.o -lstdc++ -lm -lgcc_s -lgcc -lc -lgcc_s -lgcc /usr/lib/gcc/x86_64-linux-gnu/4.9/crtend.o /usr/lib/gcc/x86_64-linux-gnu/4.9/../../../x86_64-linux-gnu/crtn.o
make[1]: Leaving directory '/home/grv/Experimental/MITIE/mitielib/java/CMakeFiles/CMakeTmp'


Parsed CXX implicit link information from above output:
  link line regex: [^( *|.*[/\])(ld|([^/\]+-)?ld|collect2)[^/\]*( |$)]
  ignore line: [Change Dir: /home/grv/Experimental/MITIE/mitielib/java/CMakeFiles/CMakeTmp]
  ignore line: []
  ignore line: [Run Build Command:"/usr/bin/make" "cmTryCompileExec3882735071/fast"]
  ignore line: [/usr/bin/make -f CMakeFiles/cmTryCompileExec3882735071.dir/build.make CMakeFiles/cmTryCompileExec3882735071.dir/build]
  ignore line: [make[1]: Entering directory '/home/grv/Experimental/MITIE/mitielib/java/CMakeFiles/CMakeTmp']
  ignore line: [/usr/bin/cmake -E cmake_progress_report /home/grv/Experimental/MITIE/mitielib/java/CMakeFiles/CMakeTmp/CMakeFiles 1]
  ignore line: [Building CXX object CMakeFiles/cmTryCompileExec3882735071.dir/CMakeCXXCompilerABI.cpp.o]
  ignore line: [/usr/bin/c++     -o CMakeFiles/cmTryCompileExec3882735071.dir/CMakeCXXCompilerABI.cpp.o -c /usr/share/cmake-3.0/Modules/CMakeCXXCompilerABI.cpp]
  ignore line: [Linking CXX executable cmTryCompileExec3882735071]
  ignore line: [/usr/bin/cmake -E cmake_link_script CMakeFiles/cmTryCompileExec3882735071.dir/link.txt --verbose=1]
  ignore line: [/usr/bin/c++      -v CMakeFiles/cmTryCompileExec3882735071.dir/CMakeCXXCompilerABI.cpp.o  -o cmTryCompileExec3882735071 -rdynamic  ]
  ignore line: [Using built-in specs.]
  ignore line: [COLLECT_GCC=/usr/bin/c++]
  ignore line: [COLLECT_LTO_WRAPPER=/usr/lib/gcc/x86_64-linux-gnu/4.9/lto-wrapper]
  ignore line: [Target: x86_64-linux-gnu]
  ignore line: [Configured with: ../src/configure -v --with-pkgversion='Debian 4.9.2-10' --with-bugurl=file:///usr/share/doc/gcc-4.9/README.Bugs --enable-languages=c,c++,java,go,d,fortran,objc,obj-c++ --prefix=/usr --program-suffix=-4.9 --enable-shared --enable-linker-build-id --libexecdir=/usr/lib --without-included-gettext --enable-threads=posix --with-gxx-include-dir=/usr/include/c++/4.9 --libdir=/usr/lib --enable-nls --with-sysroot=/ --enable-clocale=gnu --enable-libstdcxx-debug --enable-libstdcxx-time=yes --enable-gnu-unique-object --disable-vtable-verify --enable-plugin --with-system-zlib --disable-browser-plugin --enable-java-awt=gtk --enable-gtk-cairo --with-java-home=/usr/lib/jvm/java-1.5.0-gcj-4.9-amd64/jre --enable-java-home --with-jvm-root-dir=/usr/lib/jvm/java-1.5.0-gcj-4.9-amd64 --with-jvm-jar-dir=/usr/lib/jvm-exports/java-1.5.0-gcj-4.9-amd64 --with-arch-directory=amd64 --with-ecj-jar=/usr/share/java/eclipse-ecj.jar --enable-objc-gc --enable-multiarch --with-arch-32=i586 --with-abi=m64 --with-multilib-list=m32,m64,mx32 --enable-multilib --with-tune=generic --enable-checking=release --build=x86_64-linux-gnu --host=x86_64-linux-gnu --target=x86_64-linux-gnu]
  ignore line: [Thread model: posix]
  ignore line: [gcc version 4.9.2 (Debian 4.9.2-10) ]
  ignore line: [COMPILER_PATH=/usr/lib/gcc/x86_64-linux-gnu/4.9/:/usr/lib/gcc/x86_64-linux-gnu/4.9/:/usr/lib/gcc/x86_64-linux-gnu/:/usr/lib/gcc/x86_64-linux-gnu/4.9/:/usr/lib/gcc/x86_64-linux-gnu/]
  ignore line: [LIBRARY_PATH=/usr/lib/gcc/x86_64-linux-gnu/4.9/:/usr/lib/gcc/x86_64-linux-gnu/4.9/../../../x86_64-linux-gnu/:/usr/lib/gcc/x86_64-linux-gnu/4.9/../../../../lib/:/lib/x86_64-linux-gnu/:/lib/../lib/:/usr/lib/x86_64-linux-gnu/:/usr/lib/../lib/:/usr/lib/gcc/x86_64-linux-gnu/4.9/../../../:/lib/:/usr/lib/]
  ignore line: [COLLECT_GCC_OPTIONS='-v' '-o' 'cmTryCompileExec3882735071' '-rdynamic' '-shared-libgcc' '-mtune=generic' '-march=x86-64']
  link line: [ /usr/lib/gcc/x86_64-linux-gnu/4.9/collect2 -plugin /usr/lib/gcc/x86_64-linux-gnu/4.9/liblto_plugin.so -plugin-opt=/usr/lib/gcc/x86_64-linux-gnu/4.9/lto-wrapper -plugin-opt=-fresolution=/tmp/ccT6jHhH.res -plugin-opt=-pass-through=-lgcc_s -plugin-opt=-pass-through=-lgcc -plugin-opt=-pass-through=-lc -plugin-opt=-pass-through=-lgcc_s -plugin-opt=-pass-through=-lgcc --sysroot=/ --build-id --eh-frame-hdr -m elf_x86_64 --hash-style=gnu -export-dynamic -dynamic-linker /lib64/ld-linux-x86-64.so.2 -o cmTryCompileExec3882735071 /usr/lib/gcc/x86_64-linux-gnu/4.9/../../../x86_64-linux-gnu/crt1.o /usr/lib/gcc/x86_64-linux-gnu/4.9/../../../x86_64-linux-gnu/crti.o /usr/lib/gcc/x86_64-linux-gnu/4.9/crtbegin.o -L/usr/lib/gcc/x86_64-linux-gnu/4.9 -L/usr/lib/gcc/x86_64-linux-gnu/4.9/../../../x86_64-linux-gnu -L/usr/lib/gcc/x86_64-linux-gnu/4.9/../../../../lib -L/lib/x86_64-linux-gnu -L/lib/../lib -L/usr/lib/x86_64-linux-gnu -L/usr/lib/../lib -L/usr/lib/gcc/x86_64-linux-gnu/4.9/../../.. CMakeFiles/cmTryCompileExec3882735071.dir/CMakeCXXCompilerABI.cpp.o -lstdc++ -lm -lgcc_s -lgcc -lc -lgcc_s -lgcc /usr/lib/gcc/x86_64-linux-gnu/4.9/crtend.o /usr/lib/gcc/x86_64-linux-gnu/4.9/../../../x86_64-linux-gnu/crtn.o]
    arg [/usr/lib/gcc/x86_64-linux-gnu/4.9/collect2] ==> ignore
    arg [-plugin] ==> ignore
    arg [/usr/lib/gcc/x86_64-linux-gnu/4.9/liblto_plugin.so] ==> ignore
    arg [-plugin-opt=/usr/lib/gcc/x86_64-linux-gnu/4.9/lto-wrapper] ==> ignore
    arg [-plugin-opt=-fresolution=/tmp/ccT6jHhH.res] ==> ignore
    arg [-plugin-opt=-pass-through=-lgcc_s] ==> ignore
    arg [-plugin-opt=-pass-through=-lgcc] ==> ignore
    arg [-plugin-opt=-pass-through=-lc] ==> ignore
    arg [-plugin-opt=-pass-through=-lgcc_s] ==> ignore
    arg [-plugin-opt=-pass-through=-lgcc] ==> ignore
    arg [--sysroot=/] ==> ignore
    arg [--build-id] ==> ignore
    arg [--eh-frame-hdr] ==> ignore
    arg [-m] ==> ignore
    arg [elf_x86_64] ==> ignore
    arg [--hash-style=gnu] ==> ignore
    arg [-export-dynamic] ==> ignore
    arg [-dynamic-linker] ==> ignore
    arg [/lib64/ld-linux-x86-64.so.2] ==> ignore
    arg [-o] ==> ignore
    arg [cmTryCompileExec3882735071] ==> ignore
    arg [/usr/lib/gcc/x86_64-linux-gnu/4.9/../../../x86_64-linux-gnu/crt1.o] ==> ignore
    arg [/usr/lib/gcc/x86_64-linux-gnu/4.9/../../../x86_64-linux-gnu/crti.o] ==> ignore
    arg [/usr/lib/gcc/x86_64-linux-gnu/4.9/crtbegin.o] ==> ignore
    arg [-L/usr/lib/gcc/x86_64-linux-gnu/4.9] ==> dir [/usr/lib/gcc/x86_64-linux-gnu/4.9]
    arg [-L/usr/lib/gcc/x86_64-linux-gnu/4.9/../../../x86_64-linux-gnu] ==> dir [/usr/lib/gcc/x86_64-linux-gnu/4.9/../../../x86_64-linux-gnu]
    arg [-L/usr/lib/gcc/x86_64-linux-gnu/4.9/../../../../lib] ==> dir [/usr/lib/gcc/x86_64-linux-gnu/4.9/../../../../lib]
    arg [-L/lib/x86_64-linux-gnu] ==> dir [/lib/x86_64-linux-gnu]
    arg [-L/lib/../lib] ==> dir [/lib/../lib]
    arg [-L/usr/lib/x86_64-linux-gnu] ==> dir [/usr/lib/x86_64-linux-gnu]
    arg [-L/usr/lib/../lib] ==> dir [/usr/lib/../lib]
    arg [-L/usr/lib/gcc/x86_64-linux-gnu/4.9/../../..] ==> dir [/usr/lib/gcc/x86_64-linux-gnu/4.9/../../..]
    arg [CMakeFiles/cmTryCompileExec3882735071.dir/CMakeCXXCompilerABI.cpp.o] ==> ignore
    arg [-lstdc++] ==> lib [stdc++]
    arg [-lm] ==> lib [m]
    arg [-lgcc_s] ==> lib [gcc_s]
    arg [-lgcc] ==> lib [gcc]
    arg [-lc] ==> lib [c]
    arg [-lgcc_s] ==> lib [gcc_s]
    arg [-lgcc] ==> lib [gcc]
    arg [/usr/lib/gcc/x86_64-linux-gnu/4.9/crtend.o] ==> ignore
    arg [/usr/lib/gcc/x86_64-linux-gnu/4.9/../../../x86_64-linux-gnu/crtn.o] ==> ignore
  remove lib [gcc_s]
  remove lib [gcc]
  remove lib [gcc_s]
  remove lib [gcc]
  collapse library dir [/usr/lib/gcc/x86_64-linux-gnu/4.9] ==> [/usr/lib/gcc/x86_64-linux-gnu/4.9]
  collapse library dir [/usr/lib/gcc/x86_64-linux-gnu/4.9/../../../x86_64-linux-gnu] ==> [/usr/lib/x86_64-linux-gnu]
  collapse library dir [/usr/lib/gcc/x86_64-linux-gnu/4.9/../../../../lib] ==> [/usr/lib]
  collapse library dir [/lib/x86_64-linux-gnu] ==> [/lib/x86_64-linux-gnu]
  collapse library dir [/lib/../lib] ==> [/lib]
  collapse library dir [/usr/lib/x86_64-linux-gnu] ==> [/usr/lib/x86_64-linux-gnu]
  collapse library dir [/usr/lib/../lib] ==> [/usr/lib]
  collapse library dir [/usr/lib/gcc/x86_64-linux-gnu/4.9/../../..] ==> [/usr/lib]
  implicit libs: [stdc++;m;c]
  implicit dirs: [/usr/lib/gcc/x86_64-linux-gnu/4.9;/usr/lib/x86_64-linux-gnu;/usr/lib;/lib/x86_64-linux-gnu;/lib]
  implicit fwks: []


Determining if the function XOpenDisplay exists in the /usr/lib/x86_64-linux-gnu/libX11.so;/usr/lib/x86_64-linux-gnu/libXext.so passed with the following output:
Change Dir: /home/grv/Experimental/MITIE/mitielib/java/CMakeFiles/CMakeTmp

Run Build Command:"/usr/bin/make" "cmTryCompileExec2061797905/fast"
/usr/bin/make -f CMakeFiles/cmTryCompileExec2061797905.dir/build.make CMakeFiles/cmTryCompileExec2061797905.dir/build
make[1]: Entering directory '/home/grv/Experimental/MITIE/mitielib/java/CMakeFiles/CMakeTmp'
/usr/bin/cmake -E cmake_progress_report /home/grv/Experimental/MITIE/mitielib/java/CMakeFiles/CMakeTmp/CMakeFiles 1
Building C object CMakeFiles/cmTryCompileExec2061797905.dir/CheckFunctionExists.c.o
/usr/bin/cc   -DCHECK_FUNCTION_EXISTS=XOpenDisplay   -o CMakeFiles/cmTryCompileExec2061797905.dir/CheckFunctionExists.c.o   -c /usr/share/cmake-3.0/Modules/CheckFunctionExists.c
Linking C executable cmTryCompileExec2061797905
/usr/bin/cmake -E cmake_link_script CMakeFiles/cmTryCompileExec2061797905.dir/link.txt --verbose=1
/usr/bin/cc   -DCHECK_FUNCTION_EXISTS=XOpenDisplay    CMakeFiles/cmTryCompileExec2061797905.dir/CheckFunctionExists.c.o  -o cmTryCompileExec2061797905 -rdynamic -lX11 -lXext 
make[1]: Leaving directory '/home/grv/Experimental/MITIE/mitielib/java/CMakeFiles/CMakeTmp'


Determining if the function gethostbyname exists passed with the following output:
Change Dir: /home/grv/Experimental/MITIE/mitielib/java/CMakeFiles/CMakeTmp

Run Build Command:"/usr/bin/make" "cmTryCompileExec3374992874/fast"
/usr/bin/make -f CMakeFiles/cmTryCompileExec3374992874.dir/build.make CMakeFiles/cmTryCompileExec3374992874.dir/build
make[1]: Entering directory '/home/grv/Experimental/MITIE/mitielib/java/CMakeFiles/CMakeTmp'
/usr/bin/cmake -E cmake_progress_report /home/grv/Experimental/MITIE/mitielib/java/CMakeFiles/CMakeTmp/CMakeFiles 1
Building C object CMakeFiles/cmTryCompileExec3374992874.dir/CheckFunctionExists.c.o
/usr/bin/cc   -DCHECK_FUNCTION_EXISTS=gethostbyname   -o CMakeFiles/cmTryCompileExec3374992874.dir/CheckFunctionExists.c.o   -c /usr/share/cmake-3.0/Modules/CheckFunctionExists.c
Linking C executable cmTryCompileExec3374992874
/usr/bin/cmake -E cmake_link_script CMakeFiles/cmTryCompileExec3374992874.dir/link.txt --verbose=1
/usr/bin/cc   -DCHECK_FUNCTION_EXISTS=gethostbyname    CMakeFiles/cmTryCompileExec3374992874.dir/CheckFunctionExists.c.o  -o cmTryCompileExec3374992874 -rdynamic 
make[1]: Leaving directory '/home/grv/Experimental/MITIE/mitielib/java/CMakeFiles/CMakeTmp'


Determining if the function connect exists passed with the following output:
Change Dir: /home/grv/Experimental/MITIE/mitielib/java/CMakeFiles/CMakeTmp

Run Build Command:"/usr/bin/make" "cmTryCompileExec3642525372/fast"
/usr/bin/make -f CMakeFiles/cmTryCompileExec3642525372.dir/build.make CMakeFiles/cmTryCompileExec3642525372.dir/build
make[1]: Entering directory '/home/grv/Experimental/MITIE/mitielib/java/CMakeFiles/CMakeTmp'
/usr/bin/cmake -E cmake_progress_report /home/grv/Experimental/MITIE/mitielib/java/CMakeFiles/CMakeTmp/CMakeFiles 1
Building C object CMakeFiles/cmTryCompileExec3642525372.dir/CheckFunctionExists.c.o
/usr/bin/cc   -DCHECK_FUNCTION_EXISTS=connect   -o CMakeFiles/cmTryCompileExec3642525372.dir/CheckFunctionExists.c.o   -c /usr/share/cmake-3.0/Modules/CheckFunctionExists.c
Linking C executable cmTryCompileExec3642525372
/usr/bin/cmake -E cmake_link_script CMakeFiles/cmTryCompileExec3642525372.dir/link.txt --verbose=1
/usr/bin/cc   -DCHECK_FUNCTION_EXISTS=connect    CMakeFiles/cmTryCompileExec3642525372.dir/CheckFunctionExists.c.o  -o cmTryCompileExec3642525372 -rdynamic 
make[1]: Leaving directory '/home/grv/Experimental/MITIE/mitielib/java/CMakeFiles/CMakeTmp'


Determining if the function remove exists passed with the following output:
Change Dir: /home/grv/Experimental/MITIE/mitielib/java/CMakeFiles/CMakeTmp

Run Build Command:"/usr/bin/make" "cmTryCompileExec3051813964/fast"
/usr/bin/make -f CMakeFiles/cmTryCompileExec3051813964.dir/build.make CMakeFiles/cmTryCompileExec3051813964.dir/build
make[1]: Entering directory '/home/grv/Experimental/MITIE/mitielib/java/CMakeFiles/CMakeTmp'
/usr/bin/cmake -E cmake_progress_report /home/grv/Experimental/MITIE/mitielib/java/CMakeFiles/CMakeTmp/CMakeFiles 1
Building C object CMakeFiles/cmTryCompileExec3051813964.dir/CheckFunctionExists.c.o
/usr/bin/cc   -DCHECK_FUNCTION_EXISTS=remove   -o CMakeFiles/cmTryCompileExec3051813964.dir/CheckFunctionExists.c.o   -c /usr/share/cmake-3.0/Modules/CheckFunctionExists.c
Linking C executable cmTryCompileExec3051813964
/usr/bin/cmake -E cmake_link_script CMakeFiles/cmTryCompileExec3051813964.dir/link.txt --verbose=1
/usr/bin/cc   -DCHECK_FUNCTION_EXISTS=remove    CMakeFiles/cmTryCompileExec3051813964.dir/CheckFunctionExists.c.o  -o cmTryCompileExec3051813964 -rdynamic 
make[1]: Leaving directory '/home/grv/Experimental/MITIE/mitielib/java/CMakeFiles/CMakeTmp'


Determining if the function shmat exists passed with the following output:
Change Dir: /home/grv/Experimental/MITIE/mitielib/java/CMakeFiles/CMakeTmp

Run Build Command:"/usr/bin/make" "cmTryCompileExec2326240092/fast"
/usr/bin/make -f CMakeFiles/cmTryCompileExec2326240092.dir/build.make CMakeFiles/cmTryCompileExec2326240092.dir/build
make[1]: Entering directory '/home/grv/Experimental/MITIE/mitielib/java/CMakeFiles/CMakeTmp'
/usr/bin/cmake -E cmake_progress_report /home/grv/Experimental/MITIE/mitielib/java/CMakeFiles/CMakeTmp/CMakeFiles 1
Building C object CMakeFiles/cmTryCompileExec2326240092.dir/CheckFunctionExists.c.o
/usr/bin/cc   -DCHECK_FUNCTION_EXISTS=shmat   -o CMakeFiles/cmTryCompileExec2326240092.dir/CheckFunctionExists.c.o   -c /usr/share/cmake-3.0/Modules/CheckFunctionExists.c
Linking C executable cmTryCompileExec2326240092
/usr/bin/cmake -E cmake_link_script CMakeFiles/cmTryCompileExec2326240092.dir/link.txt --verbose=1
/usr/bin/cc   -DCHECK_FUNCTION_EXISTS=shmat    CMakeFiles/cmTryCompileExec2326240092.dir/CheckFunctionExists.c.o  -o cmTryCompileExec2326240092 -rdynamic 
make[1]: Leaving directory '/home/grv/Experimental/MITIE/mitielib/java/CMakeFiles/CMakeTmp'


Determining if the function IceConnectionNumber exists in the ICE passed with the following output:
Change Dir: /home/grv/Experimental/MITIE/mitielib/java/CMakeFiles/CMakeTmp

Run Build Command:"/usr/bin/make" "cmTryCompileExec1005102440/fast"
/usr/bin/make -f CMakeFiles/cmTryCompileExec1005102440.dir/build.make CMakeFiles/cmTryCompileExec1005102440.dir/build
make[1]: Entering directory '/home/grv/Experimental/MITIE/mitielib/java/CMakeFiles/CMakeTmp'
/usr/bin/cmake -E cmake_progress_report /home/grv/Experimental/MITIE/mitielib/java/CMakeFiles/CMakeTmp/CMakeFiles 1
Building C object CMakeFiles/cmTryCompileExec1005102440.dir/CheckFunctionExists.c.o
/usr/bin/cc   -DCHECK_FUNCTION_EXISTS=IceConnectionNumber   -o CMakeFiles/cmTryCompileExec1005102440.dir/CheckFunctionExists.c.o   -c /usr/share/cmake-3.0/Modules/CheckFunctionExists.c
Linking C executable cmTryCompileExec1005102440
/usr/bin/cmake -E cmake_link_script CMakeFiles/cmTryCompileExec1005102440.dir/link.txt --verbose=1
/usr/bin/cc   -DCHECK_FUNCTION_EXISTS=IceConnectionNumber    CMakeFiles/cmTryCompileExec1005102440.dir/CheckFunctionExists.c.o  -o cmTryCompileExec1005102440 -rdynamic -lICE 
make[1]: Leaving directory '/home/grv/Experimental/MITIE/mitielib/java/CMakeFiles/CMakeTmp'


Determining if the function png_create_read_struct exists passed with the following output:
Change Dir: /home/grv/Experimental/MITIE/mitielib/java/CMakeFiles/CMakeTmp

Run Build Command:"/usr/bin/make" "cmTryCompileExec2243890254/fast"
/usr/bin/make -f CMakeFiles/cmTryCompileExec2243890254.dir/build.make CMakeFiles/cmTryCompileExec2243890254.dir/build
make[1]: Entering directory '/home/grv/Experimental/MITIE/mitielib/java/CMakeFiles/CMakeTmp'
/usr/bin/cmake -E cmake_progress_report /home/grv/Experimental/MITIE/mitielib/java/CMakeFiles/CMakeTmp/CMakeFiles 1
Building C object CMakeFiles/cmTryCompileExec2243890254.dir/CheckFunctionExists.c.o
/usr/bin/cc   -DCHECK_FUNCTION_EXISTS=png_create_read_struct   -o CMakeFiles/cmTryCompileExec2243890254.dir/CheckFunctionExists.c.o   -c /usr/share/cmake-3.0/Modules/CheckFunctionExists.c
Linking C executable cmTryCompileExec2243890254
/usr/bin/cmake -E cmake_link_script CMakeFiles/cmTryCompileExec2243890254.dir/link.txt --verbose=1
/usr/bin/cc   -DCHECK_FUNCTION_EXISTS=png_create_read_struct    CMakeFiles/cmTryCompileExec2243890254.dir/CheckFunctionExists.c.o  -o cmTryCompileExec2243890254 -rdynamic -lpng 
make[1]: Leaving directory '/home/grv/Experimental/MITIE/mitielib/java/CMakeFiles/CMakeTmp'


Determining if the include file sys/types.h exists passed with the following output:
Change Dir: /home/grv/Experimental/MITIE/mitielib/java/CMakeFiles/CMakeTmp

Run Build Command:"/usr/bin/make" "cmTryCompileExec4038392594/fast"
/usr/bin/make -f CMakeFiles/cmTryCompileExec4038392594.dir/build.make CMakeFiles/cmTryCompileExec4038392594.dir/build
make[1]: Entering directory '/home/grv/Experimental/MITIE/mitielib/java/CMakeFiles/CMakeTmp'
/usr/bin/cmake -E cmake_progress_report /home/grv/Experimental/MITIE/mitielib/java/CMakeFiles/CMakeTmp/CMakeFiles 1
Building C object CMakeFiles/cmTryCompileExec4038392594.dir/CheckIncludeFile.c.o
/usr/bin/cc    -o CMakeFiles/cmTryCompileExec4038392594.dir/CheckIncludeFile.c.o   -c /home/grv/Experimental/MITIE/mitielib/java/CMakeFiles/CMakeTmp/CheckIncludeFile.c
Linking C executable cmTryCompileExec4038392594
/usr/bin/cmake -E cmake_link_script CMakeFiles/cmTryCompileExec4038392594.dir/link.txt --verbose=1
/usr/bin/cc       CMakeFiles/cmTryCompileExec4038392594.dir/CheckIncludeFile.c.o  -o cmTryCompileExec4038392594 -rdynamic 
make[1]: Leaving directory '/home/grv/Experimental/MITIE/mitielib/java/CMakeFiles/CMakeTmp'


Determining if the include file stdint.h exists passed with the following output:
Change Dir: /home/grv/Experimental/MITIE/mitielib/java/CMakeFiles/CMakeTmp

Run Build Command:"/usr/bin/make" "cmTryCompileExec172536872/fast"
/usr/bin/make -f CMakeFiles/cmTryCompileExec172536872.dir/build.make CMakeFiles/cmTryCompileExec172536872.dir/build
make[1]: Entering directory '/home/grv/Experimental/MITIE/mitielib/java/CMakeFiles/CMakeTmp'
/usr/bin/cmake -E cmake_progress_report /home/grv/Experimental/MITIE/mitielib/java/CMakeFiles/CMakeTmp/CMakeFiles 1
Building C object CMakeFiles/cmTryCompileExec172536872.dir/CheckIncludeFile.c.o
/usr/bin/cc    -o CMakeFiles/cmTryCompileExec172536872.dir/CheckIncludeFile.c.o   -c /home/grv/Experimental/MITIE/mitielib/java/CMakeFiles/CMakeTmp/CheckIncludeFile.c
Linking C executable cmTryCompileExec172536872
/usr/bin/cmake -E cmake_link_script CMakeFiles/cmTryCompileExec172536872.dir/link.txt --verbose=1
/usr/bin/cc       CMakeFiles/cmTryCompileExec172536872.dir/CheckIncludeFile.c.o  -o cmTryCompileExec172536872 -rdynamic 
make[1]: Leaving directory '/home/grv/Experimental/MITIE/mitielib/java/CMakeFiles/CMakeTmp'


Determining if the include file stddef.h exists passed with the following output:
Change Dir: /home/grv/Experimental/MITIE/mitielib/java/CMakeFiles/CMakeTmp

Run Build Command:"/usr/bin/make" "cmTryCompileExec669641330/fast"
/usr/bin/make -f CMakeFiles/cmTryCompileExec669641330.dir/build.make CMakeFiles/cmTryCompileExec669641330.dir/build
make[1]: Entering directory '/home/grv/Experimental/MITIE/mitielib/java/CMakeFiles/CMakeTmp'
/usr/bin/cmake -E cmake_progress_report /home/grv/Experimental/MITIE/mitielib/java/CMakeFiles/CMakeTmp/CMakeFiles 1
Building C object CMakeFiles/cmTryCompileExec669641330.dir/CheckIncludeFile.c.o
/usr/bin/cc    -o CMakeFiles/cmTryCompileExec669641330.dir/CheckIncludeFile.c.o   -c /home/grv/Experimental/MITIE/mitielib/java/CMakeFiles/CMakeTmp/CheckIncludeFile.c
Linking C executable cmTryCompileExec669641330
/usr/bin/cmake -E cmake_link_script CMakeFiles/cmTryCompileExec669641330.dir/link.txt --verbose=1
/usr/bin/cc       CMakeFiles/cmTryCompileExec669641330.dir/CheckIncludeFile.c.o  -o cmTryCompileExec669641330 -rdynamic 
make[1]: Leaving directory '/home/grv/Experimental/MITIE/mitielib/java/CMakeFiles/CMakeTmp'


Determining size of void* passed with the following output:
Change Dir: /home/grv/Experimental/MITIE/mitielib/java/CMakeFiles/CMakeTmp

Run Build Command:"/usr/bin/make" "cmTryCompileExec2998988811/fast"
/usr/bin/make -f CMakeFiles/cmTryCompileExec2998988811.dir/build.make CMakeFiles/cmTryCompileExec2998988811.dir/build
make[1]: Entering directory '/home/grv/Experimental/MITIE/mitielib/java/CMakeFiles/CMakeTmp'
/usr/bin/cmake -E cmake_progress_report /home/grv/Experimental/MITIE/mitielib/java/CMakeFiles/CMakeTmp/CMakeFiles 1
Building C object CMakeFiles/cmTryCompileExec2998988811.dir/SIZE_OF_VOID_PTR.c.o
/usr/bin/cc    -o CMakeFiles/cmTryCompileExec2998988811.dir/SIZE_OF_VOID_PTR.c.o   -c /home/grv/Experimental/MITIE/mitielib/java/CMakeFiles/CheckTypeSize/SIZE_OF_VOID_PTR.c
Linking C executable cmTryCompileExec2998988811
/usr/bin/cmake -E cmake_link_script CMakeFiles/cmTryCompileExec2998988811.dir/link.txt --verbose=1
/usr/bin/cc       CMakeFiles/cmTryCompileExec2998988811.dir/SIZE_OF_VOID_PTR.c.o  -o cmTryCompileExec2998988811 -rdynamic -lpng 
make[1]: Leaving directory '/home/grv/Experimental/MITIE/mitielib/java/CMakeFiles/CMakeTmp'


Determining if the function cblas_ddot exists passed with the following output:
Change Dir: /home/grv/Experimental/MITIE/mitielib/java/CMakeFiles/CMakeTmp

Run Build Command:"/usr/bin/make" "cmTryCompileExec120681296/fast"
/usr/bin/make -f CMakeFiles/cmTryCompileExec120681296.dir/build.make CMakeFiles/cmTryCompileExec120681296.dir/build
make[1]: Entering directory '/home/grv/Experimental/MITIE/mitielib/java/CMakeFiles/CMakeTmp'
/usr/bin/cmake -E cmake_progress_report /home/grv/Experimental/MITIE/mitielib/java/CMakeFiles/CMakeTmp/CMakeFiles 1
Building C object CMakeFiles/cmTryCompileExec120681296.dir/CheckFunctionExists.c.o
/usr/bin/cc   -DCHECK_FUNCTION_EXISTS=cblas_ddot   -o CMakeFiles/cmTryCompileExec120681296.dir/CheckFunctionExists.c.o   -c /usr/share/cmake-3.0/Modules/CheckFunctionExists.c
Linking C executable cmTryCompileExec120681296
/usr/bin/cmake -E cmake_link_script CMakeFiles/cmTryCompileExec120681296.dir/link.txt --verbose=1
/usr/bin/cc   -DCHECK_FUNCTION_EXISTS=cblas_ddot    CMakeFiles/cmTryCompileExec120681296.dir/CheckFunctionExists.c.o  -o cmTryCompileExec120681296 -rdynamic -lblas 
make[1]: Leaving directory '/home/grv/Experimental/MITIE/mitielib/java/CMakeFiles/CMakeTmp'


Determining if the CXX compiler has std namespace passed with the following output:
Change Dir: /home/grv/Experimental/MITIE/mitielib/java/CMakeFiles/CMakeTmp

Run Build Command:"/usr/bin/make" "cmTryCompileExec3438515194/fast"
/usr/bin/make -f CMakeFiles/cmTryCompileExec3438515194.dir/build.make CMakeFiles/cmTryCompileExec3438515194.dir/build
make[1]: Entering directory '/home/grv/Experimental/MITIE/mitielib/java/CMakeFiles/CMakeTmp'
/usr/bin/cmake -E cmake_progress_report /home/grv/Experimental/MITIE/mitielib/java/CMakeFiles/CMakeTmp/CMakeFiles 1
Building CXX object CMakeFiles/cmTryCompileExec3438515194.dir/TestForSTDNamespace.cxx.o
/usr/bin/c++    -Wreturn-type    -o CMakeFiles/cmTryCompileExec3438515194.dir/TestForSTDNamespace.cxx.o -c /usr/share/cmake-3.0/Modules/TestForSTDNamespace.cxx
Linking CXX executable cmTryCompileExec3438515194
/usr/bin/cmake -E cmake_link_script CMakeFiles/cmTryCompileExec3438515194.dir/link.txt --verbose=1
/usr/bin/c++    -Wreturn-type     CMakeFiles/cmTryCompileExec3438515194.dir/TestForSTDNamespace.cxx.o  -o cmTryCompileExec3438515194 -rdynamic 
make[1]: Leaving directory '/home/grv/Experimental/MITIE/mitielib/java/CMakeFiles/CMakeTmp'


Determining if the include file iostream exists passed with the following output:
Change Dir: /home/grv/Experimental/MITIE/mitielib/java/CMakeFiles/CMakeTmp

Run Build Command:"/usr/bin/make" "cmTryCompileExec2064770644/fast"
/usr/bin/make -f CMakeFiles/cmTryCompileExec2064770644.dir/build.make CMakeFiles/cmTryCompileExec2064770644.dir/build
make[1]: Entering directory '/home/grv/Experimental/MITIE/mitielib/java/CMakeFiles/CMakeTmp'
/usr/bin/cmake -E cmake_progress_report /home/grv/Experimental/MITIE/mitielib/java/CMakeFiles/CMakeTmp/CMakeFiles 1
Building CXX object CMakeFiles/cmTryCompileExec2064770644.dir/CheckIncludeFile.cxx.o
/usr/bin/c++    -Wreturn-type    -o CMakeFiles/cmTryCompileExec2064770644.dir/CheckIncludeFile.cxx.o -c /home/grv/Experimental/MITIE/mitielib/java/CMakeFiles/CMakeTmp/CheckIncludeFile.cxx
Linking CXX executable cmTryCompileExec2064770644
/usr/bin/cmake -E cmake_link_script CMakeFiles/cmTryCompileExec2064770644.dir/link.txt --verbose=1
/usr/bin/c++    -Wreturn-type     CMakeFiles/cmTryCompileExec2064770644.dir/CheckIncludeFile.cxx.o  -o cmTryCompileExec2064770644 -rdynamic 
make[1]: Leaving directory '/home/grv/Experimental/MITIE/mitielib/java/CMakeFiles/CMakeTmp'


